Using pre-set license
Built from '2020.3/release' branch; Version is '2020.3.2f1 (8fd9074bf66c) revision 9427207'; Using compiler version '192528614'; Build Type 'Release'
OS: 'Windows 10 Pro; OS build 19042.928; Version 2009; 64bit' Language: 'en' Physical Memory: 24522 MB
BatchMode: 1, IsHumanControllingUs: 0, StartBugReporterOnCrash: 0, Is64bit: 1, IsPro: 0

 COMMAND LINE ARGUMENTS:
C:\Program Files\Unity\Hub\Editor\2020.3.2f1\Editor\Unity.exe
-adb2
-batchMode
-noUpm
-name
AssetImportWorker0
-projectPath
C:/Github Projects/TakeTheShot
-logFile
Logs/AssetImportWorker0.log
-srvPort
64395
Successfully changed project path to: C:/Github Projects/TakeTheShot
C:/Github Projects/TakeTheShot
Using Asset Import Pipeline V2.
Refreshing native plugins compatible for Editor in 23.23 ms, found 0 plugins.
Preloading 0 native plugins for Editor in 0.00 ms.
Initialize engine version: 2020.3.2f1 (8fd9074bf66c)
[Subsystems] Discovering subsystems at path C:/Program Files/Unity/Hub/Editor/2020.3.2f1/Editor/Data/Resources/UnitySubsystems
[Subsystems] Discovering subsystems at path C:/Github Projects/TakeTheShot/Assets
GfxDevice: creating device client; threaded=0
Direct3D:
    Version:  Direct3D 11.0 [level 11.1]
    Renderer: NVIDIA GeForce GTX 1070 (ID=0x1b81)
    Vendor:   
    VRAM:     8088 MB
    Driver:   27.21.14.6589
Initialize mono
Mono path[0] = 'C:/Program Files/Unity/Hub/Editor/2020.3.2f1/Editor/Data/Managed'
Mono path[1] = 'C:/Program Files/Unity/Hub/Editor/2020.3.2f1/Editor/Data/MonoBleedingEdge/lib/mono/unityjit'
Mono config path = 'C:/Program Files/Unity/Hub/Editor/2020.3.2f1/Editor/Data/MonoBleedingEdge/etc'
Using monoOptions --debugger-agent=transport=dt_socket,embedding=1,server=y,suspend=n,address=127.0.0.1:56196
Begin MonoManager ReloadAssembly
Registering precompiled unity dll's ...
Register platform support module: C:/Program Files/Unity/Hub/Editor/2020.3.2f1/Editor/Data/PlaybackEngines/WindowsStandaloneSupport/UnityEditor.WindowsStandalone.Extensions.dll
Registered in 0.003241 seconds.
Native extension for WindowsStandalone target not found
Refreshing native plugins compatible for Editor in 21.77 ms, found 0 plugins.
Preloading 0 native plugins for Editor in 0.00 ms.
Invoked RoslynAnalysisRunner static constructor.
RoslynAnalysisRunner will not be running.
RoslynAnalysisRunner has terminated.
Mono: successfully reloaded assembly
- Completed reload, in  1.370 seconds
Platform modules already initialized, skipping
Registering precompiled user dll's ...
Registered in 0.001002 seconds.
Begin MonoManager ReloadAssembly
Native extension for WindowsStandalone target not found
Refreshing native plugins compatible for Editor in 0.20 ms, found 0 plugins.
Preloading 0 native plugins for Editor in 0.00 ms.
Invoked RoslynAnalysisRunner static constructor.
RoslynAnalysisRunner will not be running.
RoslynAnalysisRunner has terminated.
Mono: successfully reloaded assembly
- Completed reload, in  1.006 seconds
Platform modules already initialized, skipping
========================================================================
Worker process is ready to serve import requests
Launched and connected shader compiler UnityShaderCompiler.exe after 0.05 seconds
Refreshing native plugins compatible for Editor in 0.23 ms, found 0 plugins.
Preloading 0 native plugins for Editor in 0.00 ms.
Unloading 1115 Unused Serialized files (Serialized files now loaded: 0)
System memory in use before: 69.3 MB.
System memory in use after: 69.4 MB.

Unloading 10 unused Assets to reduce memory usage. Loaded Objects now: 1574.
Total: 3.002400 ms (FindLiveObjects: 0.286700 ms CreateObjectMapping: 0.129100 ms MarkObjects: 2.460500 ms  DeleteObjects: 0.123900 ms)

========================================================================
Received Import Request.
  path: Assets
  artifactKey: Guid(00000000000000001000000000000000) Importer(815301076,1909f56bfc062723c751e8b465ee728b)
Start importing Assets using Guid(00000000000000001000000000000000) Importer(815301076,1909f56bfc062723c751e8b465ee728b)  -> (artifact id: '819a33a9bd799f71faca6db75e8a216c') in 0.019138 seconds
  Import took 0.023545 seconds .

========================================================================
Received Prepare
Refreshing native plugins compatible for Editor in 0.92 ms, found 0 plugins.
Preloading 0 native plugins for Editor in 0.00 ms.
Unloading 3 Unused Serialized files (Serialized files now loaded: 0)
System memory in use before: 47.1 MB.
System memory in use after: 47.2 MB.

Unloading 3 unused Assets to reduce memory usage. Loaded Objects now: 1574.
Total: 2.065500 ms (FindLiveObjects: 0.273200 ms CreateObjectMapping: 0.065500 ms MarkObjects: 1.653400 ms  DeleteObjects: 0.071900 ms)

========================================================================
Received Import Request.
  Time since last request: 5.893647 seconds.
  path: Assets/Script
  artifactKey: Guid(fdbdf2bb83381cd4a8b5fc8f12ef51a0) Importer(815301076,1909f56bfc062723c751e8b465ee728b)
Start importing Assets/Script using Guid(fdbdf2bb83381cd4a8b5fc8f12ef51a0) Importer(815301076,1909f56bfc062723c751e8b465ee728b)  -> (artifact id: 'f5d4a95c963523a37fd21c07c5a213a4') in 0.006216 seconds
  Import took 0.009675 seconds .

========================================================================
Received Import Request.
  Time since last request: 7.613689 seconds.
  path: Assets/Tetures
  artifactKey: Guid(b4306e1e48f86a14e9f409dcd7b5f345) Importer(815301076,1909f56bfc062723c751e8b465ee728b)
Start importing Assets/Tetures using Guid(b4306e1e48f86a14e9f409dcd7b5f345) Importer(815301076,1909f56bfc062723c751e8b465ee728b)  -> (artifact id: 'd76d5cf9df3c29660572b8f31e673801') in 0.011489 seconds
  Import took 0.014725 seconds .

========================================================================
Received Import Request.
  Time since last request: 3.095799 seconds.
  path: Assets/Textures
  artifactKey: Guid(b4306e1e48f86a14e9f409dcd7b5f345) Importer(815301076,1909f56bfc062723c751e8b465ee728b)
Start importing Assets/Textures using Guid(b4306e1e48f86a14e9f409dcd7b5f345) Importer(815301076,1909f56bfc062723c751e8b465ee728b)  -> (artifact id: '642bdcca54792943315e2aacca5b11e5') in 0.009215 seconds
  Import took 0.012813 seconds .

========================================================================
Received Import Request.
  Time since last request: 6.710179 seconds.
  path: Assets/Textures/Crosshair.mat
  artifactKey: Guid(c5f7df0677744674696bfd481a1a003e) Importer(815301076,1909f56bfc062723c751e8b465ee728b)
Start importing Assets/Textures/Crosshair.mat using Guid(c5f7df0677744674696bfd481a1a003e) Importer(815301076,1909f56bfc062723c751e8b465ee728b)  -> (artifact id: '89c0a07f30c7600d5166b20b4c0a9bf4') in 0.129311 seconds
  Import took 0.131793 seconds .

========================================================================
Received Import Request.
  Time since last request: 28.792511 seconds.
  path: Assets/Textures/Crosshair.mat
  artifactKey: Guid(c5f7df0677744674696bfd481a1a003e) Importer(815301076,1909f56bfc062723c751e8b465ee728b)
Start importing Assets/Textures/Crosshair.mat using Guid(c5f7df0677744674696bfd481a1a003e) Importer(815301076,1909f56bfc062723c751e8b465ee728b)  -> (artifact id: '59dacc449d2f2d8ac14b1d235ddc34b8') in 0.019223 seconds
  Import took 0.026135 seconds .

========================================================================
Received Import Request.
  Time since last request: 189.686832 seconds.
  path: Assets/Textures/Crosshair.mat
  artifactKey: Guid(c5f7df0677744674696bfd481a1a003e) Importer(815301076,1909f56bfc062723c751e8b465ee728b)
Start importing Assets/Textures/Crosshair.mat using Guid(c5f7df0677744674696bfd481a1a003e) Importer(815301076,1909f56bfc062723c751e8b465ee728b)  -> (artifact id: '9b7a291d1730f95013cac96e2fc66a76') in 0.012473 seconds
  Import took 0.015808 seconds .

========================================================================
Received Import Request.
  Time since last request: 374.903715 seconds.
  path: Assets/Prefab
  artifactKey: Guid(c430060d9f506d04691896e0a6b682a4) Importer(815301076,1909f56bfc062723c751e8b465ee728b)
Start importing Assets/Prefab using Guid(c430060d9f506d04691896e0a6b682a4) Importer(815301076,1909f56bfc062723c751e8b465ee728b)  -> (artifact id: '1731db60823a5275159213005df4888b') in 0.010951 seconds
  Import took 0.014709 seconds .

========================================================================
Received Import Request.
  Time since last request: 2.612349 seconds.
  path: Assets/Prefab/Player.prefab
  artifactKey: Guid(f6d18bb55f83e0e4f9ec82cfc7682ebe) Importer(815301076,1909f56bfc062723c751e8b465ee728b)
Start importing Assets/Prefab/Player.prefab using Guid(f6d18bb55f83e0e4f9ec82cfc7682ebe) Importer(815301076,1909f56bfc062723c751e8b465ee728b)  -> (artifact id: '87e976e57c774ae8a50401aa0221e7c1') in 0.049951 seconds
  Import took 0.053648 seconds .

========================================================================
Received Import Request.
  Time since last request: 0.000534 seconds.
  path: Assets/Prefab/Player.prefab
  artifactKey: Guid(f6d18bb55f83e0e4f9ec82cfc7682ebe) Importer(815301076,1909f56bfc062723c751e8b465ee728b)
Start importing Assets/Prefab/Player.prefab using Guid(f6d18bb55f83e0e4f9ec82cfc7682ebe) Importer(815301076,1909f56bfc062723c751e8b465ee728b)  -> (artifact id: '87e976e57c774ae8a50401aa0221e7c1') in 0.012848 seconds
  Import took 0.015717 seconds .

========================================================================
Received Import Request.
  Time since last request: 93.282454 seconds.
  path: Assets/Textures/Target.mat
  artifactKey: Guid(c1212de0bf3124540b1ce170d9ac61f5) Importer(815301076,1909f56bfc062723c751e8b465ee728b)
Start importing Assets/Textures/Target.mat using Guid(c1212de0bf3124540b1ce170d9ac61f5) Importer(815301076,1909f56bfc062723c751e8b465ee728b)  -> (artifact id: '1ec703423343ccd6c86cfdab2ac5a812') in 0.017447 seconds
  Import took 0.019992 seconds .

========================================================================
Received Import Request.
  Time since last request: 13.403963 seconds.
  path: Assets/Textures/Ground.mat
  artifactKey: Guid(e82296703f68368439303e3ac6fe2a94) Importer(815301076,1909f56bfc062723c751e8b465ee728b)
Start importing Assets/Textures/Ground.mat using Guid(e82296703f68368439303e3ac6fe2a94) Importer(815301076,1909f56bfc062723c751e8b465ee728b)  -> (artifact id: '2770cdd7afa3d4f34dc039b31b98b75b') in 0.016010 seconds
  Import took 0.020077 seconds .

========================================================================
Received Import Request.
  Time since last request: 15.269882 seconds.
  path: Assets/Textures/Bullet.mat
  artifactKey: Guid(958874f00d3e13446843980e28a12957) Importer(815301076,1909f56bfc062723c751e8b465ee728b)
Start importing Assets/Textures/Bullet.mat using Guid(958874f00d3e13446843980e28a12957) Importer(815301076,1909f56bfc062723c751e8b465ee728b)  -> (artifact id: '53bcc647b031a9e299f4b5a8302f9f28') in 0.019682 seconds
  Import took 0.023034 seconds .

========================================================================
Received Import Request.
  Time since last request: 74.507222 seconds.
  path: Assets/Textures/World
  artifactKey: Guid(f32e304fd680f524484ca5edaba8cb40) Importer(815301076,1909f56bfc062723c751e8b465ee728b)
Start importing Assets/Textures/World using Guid(f32e304fd680f524484ca5edaba8cb40) Importer(815301076,1909f56bfc062723c751e8b465ee728b)  -> (artifact id: '738e6d25bb96748050c11b549221b9a2') in 0.012530 seconds
  Import took 0.015096 seconds .

========================================================================
Received Import Request.
  Time since last request: 0.037223 seconds.
  path: Assets/Textures/World/devBox.png
  artifactKey: Guid(d190c4991de58f947a26a30a44204392) Importer(815301076,1909f56bfc062723c751e8b465ee728b)
Start importing Assets/Textures/World/devBox.png using Guid(d190c4991de58f947a26a30a44204392) Importer(815301076,1909f56bfc062723c751e8b465ee728b)  -> (artifact id: 'c01ee3c0818d6f5267715e2b29d071bd') in 0.026477 seconds
  Import took 0.029362 seconds .

========================================================================
Received Import Request.
  Time since last request: 0.000211 seconds.
  path: Assets/Textures/World/Diffuse - Worldspace.mat
  artifactKey: Guid(0ed269715fb26134b952b78881415ad7) Importer(815301076,1909f56bfc062723c751e8b465ee728b)
Start importing Assets/Textures/World/Diffuse - Worldspace.mat using Guid(0ed269715fb26134b952b78881415ad7) Importer(815301076,1909f56bfc062723c751e8b465ee728b)  -> (artifact id: '98bae0cd71726b5e9f525825d2ccbffe') in 0.203977 seconds
  Import took 0.206973 seconds .

========================================================================
Received Import Request.
  Time since last request: 56.003691 seconds.
  path: Assets/Textures/World/New Terrain Material.mat
  artifactKey: Guid(5a50192757d8c7648b20a38c5adbdae1) Importer(815301076,1909f56bfc062723c751e8b465ee728b)
Start importing Assets/Textures/World/New Terrain Material.mat using Guid(5a50192757d8c7648b20a38c5adbdae1) Importer(815301076,1909f56bfc062723c751e8b465ee728b)  -> (artifact id: '83f3504bec353179ee75b08b39627c3a') in 0.040773 seconds
  Import took 0.043887 seconds .

========================================================================
Received Import Request.
  Time since last request: 93.830585 seconds.
  path: Assets/Textures/World/Materials
  artifactKey: Guid(32360760de3e7b141a0b6ed0692518de) Importer(815301076,1909f56bfc062723c751e8b465ee728b)
Start importing Assets/Textures/World/Materials using Guid(32360760de3e7b141a0b6ed0692518de) Importer(815301076,1909f56bfc062723c751e8b465ee728b)  -> (artifact id: '5369eb21138ce4b79da23cc1713e207f') in 0.009250 seconds
  Import took 0.012084 seconds .

========================================================================
Received Import Request.
  Time since last request: 0.075239 seconds.
  path: Assets/Textures/World/Materials/devBox.mat
  artifactKey: Guid(0c37a18ddfdb2fc4ea35eabbda9f7b33) Importer(815301076,1909f56bfc062723c751e8b465ee728b)
Start importing Assets/Textures/World/Materials/devBox.mat using Guid(0c37a18ddfdb2fc4ea35eabbda9f7b33) Importer(815301076,1909f56bfc062723c751e8b465ee728b)  -> (artifact id: 'accca3985ca3d8a7acf3caf58a2b2f26') in 0.015055 seconds
  Import took 0.017775 seconds .

========================================================================
Received Import Request.
  Time since last request: 88.204643 seconds.
  path: Assets/Textures/World/Normal-Diffuse-Worldspace.shader
  artifactKey: Guid(239f7bb6babe2264d9b0438254275ea8) Importer(815301076,1909f56bfc062723c751e8b465ee728b)
Start importing Assets/Textures/World/Normal-Diffuse-Worldspace.shader using Guid(239f7bb6babe2264d9b0438254275ea8) Importer(815301076,1909f56bfc062723c751e8b465ee728b)  -> (artifact id: 'd24e0c52e9fd3a9e6b23351a476ebec1') in 0.012750 seconds
  Import took 0.016629 seconds .

========================================================================
Received Import Request.
  Time since last request: 0.001260 seconds.
  path: Assets/Textures/World/Normal-Diffuse-Worldspace.shader
  artifactKey: Guid(239f7bb6babe2264d9b0438254275ea8) Importer(815301076,1909f56bfc062723c751e8b465ee728b)
Start importing Assets/Textures/World/Normal-Diffuse-Worldspace.shader using Guid(239f7bb6babe2264d9b0438254275ea8) Importer(815301076,1909f56bfc062723c751e8b465ee728b)  -> (artifact id: 'd24e0c52e9fd3a9e6b23351a476ebec1') in 0.004892 seconds
  Import took 0.008642 seconds .

========================================================================
Received Import Request.
  Time since last request: 215.441829 seconds.
  path: Assets/Script/Target.cs
  artifactKey: Guid(ca264c37ce47a654898e885c1a2c8506) Importer(815301076,1909f56bfc062723c751e8b465ee728b)
Start importing Assets/Script/Target.cs using Guid(ca264c37ce47a654898e885c1a2c8506) Importer(815301076,1909f56bfc062723c751e8b465ee728b)  -> (artifact id: '26ce54acc2abe436b0f379db54745c73') in 0.007542 seconds
  Import took 0.010902 seconds .

========================================================================
Received Prepare
Registering precompiled user dll's ...
Registered in 0.000907 seconds.
Begin MonoManager ReloadAssembly
Native extension for WindowsStandalone target not found
Refreshing native plugins compatible for Editor in 0.26 ms, found 0 plugins.
Preloading 0 native plugins for Editor in 0.00 ms.
Invoked RoslynAnalysisRunner static constructor.
RoslynAnalysisRunner will not be running.
RoslynAnalysisRunner has terminated.
Mono: successfully reloaded assembly
- Completed reload, in  0.966 seconds
Platform modules already initialized, skipping
Refreshing native plugins compatible for Editor in 0.43 ms, found 0 plugins.
Preloading 0 native plugins for Editor in 0.00 ms.
Unloading 1112 Unused Serialized files (Serialized files now loaded: 0)
System memory in use before: 73.1 MB.
System memory in use after: 73.2 MB.

Unloading 5 unused Assets to reduce memory usage. Loaded Objects now: 1622.
Total: 1.898000 ms (FindLiveObjects: 0.227300 ms CreateObjectMapping: 0.051700 ms MarkObjects: 1.547000 ms  DeleteObjects: 0.070300 ms)

========================================================================
Received Import Request.
  Time since last request: 9.949465 seconds.
  path: Assets/Script/PlayerController.cs
  artifactKey: Guid(d297a83028279c246b3431097e2c0088) Importer(815301076,1909f56bfc062723c751e8b465ee728b)
Start importing Assets/Script/PlayerController.cs using Guid(d297a83028279c246b3431097e2c0088) Importer(815301076,1909f56bfc062723c751e8b465ee728b)  -> (artifact id: 'b509cc807fe2c0dc630e10f7415b0730') in 0.020890 seconds
  Import took 0.025832 seconds .

========================================================================
Received Import Request.
  Time since last request: 0.008795 seconds.
  path: Assets/Script/PlayerController.cs
  artifactKey: Guid(d297a83028279c246b3431097e2c0088) Importer(815301076,1909f56bfc062723c751e8b465ee728b)
Start importing Assets/Script/PlayerController.cs using Guid(d297a83028279c246b3431097e2c0088) Importer(815301076,1909f56bfc062723c751e8b465ee728b)  -> (artifact id: 'b509cc807fe2c0dc630e10f7415b0730') in 0.003748 seconds
  Import took 0.007519 seconds .

========================================================================
Received Prepare
Registering precompiled user dll's ...
Registered in 0.000978 seconds.
Begin MonoManager ReloadAssembly
Native extension for WindowsStandalone target not found
Refreshing native plugins compatible for Editor in 0.30 ms, found 0 plugins.
Preloading 0 native plugins for Editor in 0.00 ms.
Invoked RoslynAnalysisRunner static constructor.
RoslynAnalysisRunner will not be running.
RoslynAnalysisRunner has terminated.
Mono: successfully reloaded assembly
- Completed reload, in  0.925 seconds
Platform modules already initialized, skipping
Refreshing native plugins compatible for Editor in 0.25 ms, found 0 plugins.
Preloading 0 native plugins for Editor in 0.00 ms.
Unloading 1112 Unused Serialized files (Serialized files now loaded: 0)
System memory in use before: 73.1 MB.
System memory in use after: 73.1 MB.

Unloading 5 unused Assets to reduce memory usage. Loaded Objects now: 1626.
Total: 2.988900 ms (FindLiveObjects: 0.160500 ms CreateObjectMapping: 0.033700 ms MarkObjects: 2.647300 ms  DeleteObjects: 0.145500 ms)

========================================================================
Received Import Request.
  Time since last request: 14.825405 seconds.
  path: Assets/Script/BulletController.cs
  artifactKey: Guid(49306b86a07858144a7dc2de5ddbc8f7) Importer(815301076,1909f56bfc062723c751e8b465ee728b)
Start importing Assets/Script/BulletController.cs using Guid(49306b86a07858144a7dc2de5ddbc8f7) Importer(815301076,1909f56bfc062723c751e8b465ee728b)  -> (artifact id: 'edd3a27fd28465ada0478eff6765e43f') in 0.013079 seconds
  Import took 0.017050 seconds .

========================================================================
Received Prepare
Registering precompiled user dll's ...
Registered in 0.001405 seconds.
Begin MonoManager ReloadAssembly
Native extension for WindowsStandalone target not found
Refreshing native plugins compatible for Editor in 0.32 ms, found 0 plugins.
Preloading 0 native plugins for Editor in 0.00 ms.
Invoked RoslynAnalysisRunner static constructor.
RoslynAnalysisRunner will not be running.
RoslynAnalysisRunner has terminated.
Mono: successfully reloaded assembly
- Completed reload, in  0.928 seconds
Platform modules already initialized, skipping
Refreshing native plugins compatible for Editor in 0.20 ms, found 0 plugins.
Preloading 0 native plugins for Editor in 0.00 ms.
Unloading 1113 Unused Serialized files (Serialized files now loaded: 0)
System memory in use before: 73.1 MB.
System memory in use after: 73.2 MB.

Unloading 5 unused Assets to reduce memory usage. Loaded Objects now: 1630.
Total: 2.047400 ms (FindLiveObjects: 0.153600 ms CreateObjectMapping: 0.035200 ms MarkObjects: 1.703900 ms  DeleteObjects: 0.153400 ms)

========================================================================
Received Import Request.
  Time since last request: 74.768073 seconds.
  path: Assets/New Terrain.asset
  artifactKey: Guid(2e4255e2b6ad01d419d1e8db21d2213c) Importer(815301076,1909f56bfc062723c751e8b465ee728b)
Start importing Assets/New Terrain.asset using Guid(2e4255e2b6ad01d419d1e8db21d2213c) Importer(815301076,1909f56bfc062723c751e8b465ee728b)  -> (artifact id: 'c7f1e5e84aabefd1b49a02e4763d14b8') in 0.025204 seconds
  Import took 0.029255 seconds .

========================================================================
Received Import Request.
  Time since last request: 2.781836 seconds.
  path: Assets/Textures/Target.mat
  artifactKey: Guid(c1212de0bf3124540b1ce170d9ac61f5) Importer(815301076,1909f56bfc062723c751e8b465ee728b)
Start importing Assets/Textures/Target.mat using Guid(c1212de0bf3124540b1ce170d9ac61f5) Importer(815301076,1909f56bfc062723c751e8b465ee728b)  -> (artifact id: 'bb71ea5c62e589c8fd621c80226b1a86') in 0.063797 seconds
  Import took 0.066700 seconds .

========================================================================
Received Import Request.
  Time since last request: 8.992006 seconds.
  path: Assets/Prefab/Player.prefab
  artifactKey: Guid(f6d18bb55f83e0e4f9ec82cfc7682ebe) Importer(815301076,1909f56bfc062723c751e8b465ee728b)
Start importing Assets/Prefab/Player.prefab using Guid(f6d18bb55f83e0e4f9ec82cfc7682ebe) Importer(815301076,1909f56bfc062723c751e8b465ee728b)  -> (artifact id: 'd27a118df017dfa99808f01dc9a2e380') in 0.029459 seconds
  Import took 0.032454 seconds .

========================================================================
Received Import Request.
  Time since last request: 2.607663 seconds.
  path: Assets/Prefab/Bullet.prefab
  artifactKey: Guid(b3c3479a2a2bdf149bd4c17083ebe1d4) Importer(815301076,1909f56bfc062723c751e8b465ee728b)
Start importing Assets/Prefab/Bullet.prefab using Guid(b3c3479a2a2bdf149bd4c17083ebe1d4) Importer(815301076,1909f56bfc062723c751e8b465ee728b)  -> (artifact id: '6d008a5c4d59a30d1bdf0ef1386c9ffc') in 0.018031 seconds
  Import took 0.021842 seconds .

========================================================================
Received Import Request.
  Time since last request: 0.027544 seconds.
  path: Assets/Prefab/Bullet.prefab
  artifactKey: Guid(b3c3479a2a2bdf149bd4c17083ebe1d4) Importer(815301076,1909f56bfc062723c751e8b465ee728b)
Start importing Assets/Prefab/Bullet.prefab using Guid(b3c3479a2a2bdf149bd4c17083ebe1d4) Importer(815301076,1909f56bfc062723c751e8b465ee728b)  -> (artifact id: '6d008a5c4d59a30d1bdf0ef1386c9ffc') in 0.019853 seconds
  Import took 0.023188 seconds .

========================================================================
Received Import Request.
  Time since last request: 75.048709 seconds.
  path: Assets/Prefab/Bullet.prefab
  artifactKey: Guid(b3c3479a2a2bdf149bd4c17083ebe1d4) Importer(815301076,1909f56bfc062723c751e8b465ee728b)
Start importing Assets/Prefab/Bullet.prefab using Guid(b3c3479a2a2bdf149bd4c17083ebe1d4) Importer(815301076,1909f56bfc062723c751e8b465ee728b)  -> (artifact id: 'd271d40165c3cb836e6ca68a20e041c3') in 0.017884 seconds
  Import took 0.020277 seconds .

========================================================================
Received Import Request.
  Time since last request: 17.163917 seconds.
  path: Assets/Prefab/Target.prefab
  artifactKey: Guid(a4fb5ef4566442d45af644f3147f9410) Importer(815301076,1909f56bfc062723c751e8b465ee728b)
Start importing Assets/Prefab/Target.prefab using Guid(a4fb5ef4566442d45af644f3147f9410) Importer(815301076,1909f56bfc062723c751e8b465ee728b)  -> (artifact id: 'a27f8a555acbfc49da8fe92ea48342a3') in 0.016901 seconds
  Import took 0.019192 seconds .

========================================================================
Received Import Request.
  Time since last request: 0.027078 seconds.
  path: Assets/Prefab/Target.prefab
  artifactKey: Guid(a4fb5ef4566442d45af644f3147f9410) Importer(815301076,1909f56bfc062723c751e8b465ee728b)
Start importing Assets/Prefab/Target.prefab using Guid(a4fb5ef4566442d45af644f3147f9410) Importer(815301076,1909f56bfc062723c751e8b465ee728b)  -> (artifact id: 'a27f8a555acbfc49da8fe92ea48342a3') in 0.012013 seconds
  Import took 0.015359 seconds .

========================================================================
Received Import Request.
  Time since last request: 292.832478 seconds.
  path: Assets/Textures/Bullet.mat
  artifactKey: Guid(958874f00d3e13446843980e28a12957) Importer(815301076,1909f56bfc062723c751e8b465ee728b)
Start importing Assets/Textures/Bullet.mat using Guid(958874f00d3e13446843980e28a12957) Importer(815301076,1909f56bfc062723c751e8b465ee728b)  -> (artifact id: '8ea8c8e58831cd0f9cf5e5adc69ef1a5') in 0.023095 seconds
  Import took 0.026475 seconds .

========================================================================
Received Import Request.
  Time since last request: 56.597058 seconds.
  path: Assets/Textures/Trail.mat
  artifactKey: Guid(99a85b9d68691a443981f76bdc3f54d6) Importer(815301076,1909f56bfc062723c751e8b465ee728b)
Start importing Assets/Textures/Trail.mat using Guid(99a85b9d68691a443981f76bdc3f54d6) Importer(815301076,1909f56bfc062723c751e8b465ee728b)  -> (artifact id: '917d27e2251643d93d856160e4cab743') in 0.031890 seconds
  Import took 0.034788 seconds .

========================================================================
Received Prepare
Registering precompiled user dll's ...
Registered in 0.000810 seconds.
Begin MonoManager ReloadAssembly
Native extension for WindowsStandalone target not found
Refreshing native plugins compatible for Editor in 0.26 ms, found 0 plugins.
Preloading 0 native plugins for Editor in 0.00 ms.
Invoked RoslynAnalysisRunner static constructor.
RoslynAnalysisRunner will not be running.
RoslynAnalysisRunner has terminated.
Mono: successfully reloaded assembly
- Completed reload, in  0.942 seconds
Platform modules already initialized, skipping
Refreshing native plugins compatible for Editor in 0.22 ms, found 0 plugins.
Preloading 0 native plugins for Editor in 0.00 ms.
Unloading 1113 Unused Serialized files (Serialized files now loaded: 0)
System memory in use before: 73.2 MB.
System memory in use after: 73.3 MB.

Unloading 5 unused Assets to reduce memory usage. Loaded Objects now: 1635.
Total: 1.748300 ms (FindLiveObjects: 0.171000 ms CreateObjectMapping: 0.034300 ms MarkObjects: 1.449500 ms  DeleteObjects: 0.092200 ms)

========================================================================
Received Import Request.
  Time since last request: 464.357781 seconds.
  path: Assets/Scenes
  artifactKey: Guid(9d22f88bcc5909c46a3e845b58b64241) Importer(815301076,1909f56bfc062723c751e8b465ee728b)
Start importing Assets/Scenes using Guid(9d22f88bcc5909c46a3e845b58b64241) Importer(815301076,1909f56bfc062723c751e8b465ee728b)  -> (artifact id: '6710d57c0e0ea92dc6e37dfcd9473809') in 0.013284 seconds
  Import took 0.016195 seconds .

========================================================================
Received Import Request.
  Time since last request: 25.192302 seconds.
  path: Assets/Script/PlayerController.cs
  artifactKey: Guid(d297a83028279c246b3431097e2c0088) Importer(815301076,1909f56bfc062723c751e8b465ee728b)
Start importing Assets/Script/PlayerController.cs using Guid(d297a83028279c246b3431097e2c0088) Importer(815301076,1909f56bfc062723c751e8b465ee728b)  -> (artifact id: 'e27504860d1182d692cc73eadef04877') in 0.178497 seconds
  Import took 0.274924 seconds .

========================================================================
Received Import Request.
  Time since last request: 18.222428 seconds.
  path: Assets/Script/PlayerController.cs
  artifactKey: Guid(d297a83028279c246b3431097e2c0088) Importer(815301076,1909f56bfc062723c751e8b465ee728b)
Start importing Assets/Script/PlayerController.cs using Guid(d297a83028279c246b3431097e2c0088) Importer(815301076,1909f56bfc062723c751e8b465ee728b)  -> (artifact id: '5fe08cb3a7d0fe754e1836e1be805f3b') in 0.019654 seconds
  Import took 0.027027 seconds .

========================================================================
Received Prepare
Registering precompiled user dll's ...
Registered in 0.004165 seconds.
Begin MonoManager ReloadAssembly
Native extension for WindowsStandalone target not found
Refreshing native plugins compatible for Editor in 0.23 ms, found 0 plugins.
Preloading 0 native plugins for Editor in 0.00 ms.
Invoked RoslynAnalysisRunner static constructor.
RoslynAnalysisRunner will not be running.
RoslynAnalysisRunner has terminated.
Mono: successfully reloaded assembly
- Completed reload, in  1.373 seconds
Platform modules already initialized, skipping
Refreshing native plugins compatible for Editor in 0.21 ms, found 0 plugins.
Preloading 0 native plugins for Editor in 0.00 ms.
Unloading 1113 Unused Serialized files (Serialized files now loaded: 0)
System memory in use before: 73.2 MB.
System memory in use after: 73.3 MB.

Unloading 5 unused Assets to reduce memory usage. Loaded Objects now: 1638.
Total: 2.221700 ms (FindLiveObjects: 0.141800 ms CreateObjectMapping: 0.040900 ms MarkObjects: 1.963900 ms  DeleteObjects: 0.073800 ms)

========================================================================
Received Import Request.
  Time since last request: 54.018924 seconds.
  path: Assets/Script/PlayerController.cs
  artifactKey: Guid(d297a83028279c246b3431097e2c0088) Importer(815301076,1909f56bfc062723c751e8b465ee728b)
Start importing Assets/Script/PlayerController.cs using Guid(d297a83028279c246b3431097e2c0088) Importer(815301076,1909f56bfc062723c751e8b465ee728b)  -> (artifact id: 'd258c3cc3ef08d7b45a1a2d3fa29a158') in 0.006949 seconds
  Import took 0.013961 seconds .

========================================================================
Received Import Request.
  Time since last request: 4.031813 seconds.
  path: Assets/Script/PlayerController.cs
  artifactKey: Guid(d297a83028279c246b3431097e2c0088) Importer(815301076,1909f56bfc062723c751e8b465ee728b)
Start importing Assets/Script/PlayerController.cs using Guid(d297a83028279c246b3431097e2c0088) Importer(815301076,1909f56bfc062723c751e8b465ee728b)  -> (artifact id: '703b9b2ea792c368f09a334188d7dd7b') in 0.004877 seconds
  Import took 0.011189 seconds .

========================================================================
Received Prepare
Registering precompiled user dll's ...
Registered in 0.001073 seconds.
Begin MonoManager ReloadAssembly
Native extension for WindowsStandalone target not found
Refreshing native plugins compatible for Editor in 0.32 ms, found 0 plugins.
Preloading 0 native plugins for Editor in 0.00 ms.
Invoked RoslynAnalysisRunner static constructor.
RoslynAnalysisRunner will not be running.
RoslynAnalysisRunner has terminated.
Mono: successfully reloaded assembly
- Completed reload, in  1.020 seconds
Platform modules already initialized, skipping
Refreshing native plugins compatible for Editor in 0.36 ms, found 0 plugins.
Preloading 0 native plugins for Editor in 0.00 ms.
Unloading 1113 Unused Serialized files (Serialized files now loaded: 0)
System memory in use before: 73.2 MB.
System memory in use after: 73.3 MB.

Unloading 5 unused Assets to reduce memory usage. Loaded Objects now: 1641.
Total: 2.575500 ms (FindLiveObjects: 0.180400 ms CreateObjectMapping: 0.074600 ms MarkObjects: 2.224700 ms  DeleteObjects: 0.094400 ms)

========================================================================
Received Prepare
Registering precompiled user dll's ...
Registered in 0.000811 seconds.
Begin MonoManager ReloadAssembly
Native extension for WindowsStandalone target not found
Refreshing native plugins compatible for Editor in 0.34 ms, found 0 plugins.
Preloading 0 native plugins for Editor in 0.00 ms.
Invoked RoslynAnalysisRunner static constructor.
RoslynAnalysisRunner will not be running.
RoslynAnalysisRunner has terminated.
Mono: successfully reloaded assembly
- Completed reload, in  1.018 seconds
Platform modules already initialized, skipping
Refreshing native plugins compatible for Editor in 0.31 ms, found 0 plugins.
Preloading 0 native plugins for Editor in 0.00 ms.
Unloading 1113 Unused Serialized files (Serialized files now loaded: 0)
System memory in use before: 73.2 MB.
System memory in use after: 73.3 MB.

Unloading 5 unused Assets to reduce memory usage. Loaded Objects now: 1644.
Total: 2.156700 ms (FindLiveObjects: 0.234100 ms CreateObjectMapping: 0.088900 ms MarkObjects: 1.727400 ms  DeleteObjects: 0.104200 ms)

========================================================================
Received Prepare
Registering precompiled user dll's ...
Registered in 0.001004 seconds.
Begin MonoManager ReloadAssembly
Native extension for WindowsStandalone target not found
Refreshing native plugins compatible for Editor in 0.22 ms, found 0 plugins.
Preloading 0 native plugins for Editor in 0.00 ms.
Invoked RoslynAnalysisRunner static constructor.
RoslynAnalysisRunner will not be running.
RoslynAnalysisRunner has terminated.
Mono: successfully reloaded assembly
- Completed reload, in  1.038 seconds
Platform modules already initialized, skipping
Refreshing native plugins compatible for Editor in 0.23 ms, found 0 plugins.
Preloading 0 native plugins for Editor in 0.00 ms.
Unloading 1113 Unused Serialized files (Serialized files now loaded: 0)
System memory in use before: 73.2 MB.
System memory in use after: 73.3 MB.

Unloading 5 unused Assets to reduce memory usage. Loaded Objects now: 1647.
Total: 2.438300 ms (FindLiveObjects: 0.258900 ms CreateObjectMapping: 0.062400 ms MarkObjects: 2.043500 ms  DeleteObjects: 0.072000 ms)

========================================================================
Received Prepare
Registering precompiled user dll's ...
Registered in 0.001148 seconds.
Begin MonoManager ReloadAssembly
Native extension for WindowsStandalone target not found
Refreshing native plugins compatible for Editor in 0.22 ms, found 0 plugins.
Preloading 0 native plugins for Editor in 0.00 ms.
Invoked RoslynAnalysisRunner static constructor.
RoslynAnalysisRunner will not be running.
RoslynAnalysisRunner has terminated.
Mono: successfully reloaded assembly
- Completed reload, in  0.902 seconds
Platform modules already initialized, skipping
Refreshing native plugins compatible for Editor in 0.21 ms, found 0 plugins.
Preloading 0 native plugins for Editor in 0.00 ms.
Unloading 1113 Unused Serialized files (Serialized files now loaded: 0)
System memory in use before: 73.2 MB.
System memory in use after: 73.3 MB.

Unloading 5 unused Assets to reduce memory usage. Loaded Objects now: 1650.
Total: 2.155500 ms (FindLiveObjects: 0.210900 ms CreateObjectMapping: 0.076900 ms MarkObjects: 1.789900 ms  DeleteObjects: 0.075400 ms)

========================================================================
Received Import Request.
  Time since last request: 395.619761 seconds.
  path: Assets/Script/PlayerController.cs
  artifactKey: Guid(d297a83028279c246b3431097e2c0088) Importer(815301076,1909f56bfc062723c751e8b465ee728b)
Start importing Assets/Script/PlayerController.cs using Guid(d297a83028279c246b3431097e2c0088) Importer(815301076,1909f56bfc062723c751e8b465ee728b)  -> (artifact id: '835ddbf7edc5693666c95ffa0bc0284e') in 0.005899 seconds
  Import took 0.008706 seconds .

========================================================================
Received Prepare
Registering precompiled user dll's ...
Registered in 0.001278 seconds.
Begin MonoManager ReloadAssembly
Native extension for WindowsStandalone target not found
Refreshing native plugins compatible for Editor in 0.23 ms, found 0 plugins.
Preloading 0 native plugins for Editor in 0.00 ms.
Invoked RoslynAnalysisRunner static constructor.
RoslynAnalysisRunner will not be running.
RoslynAnalysisRunner has terminated.
Mono: successfully reloaded assembly
- Completed reload, in  0.979 seconds
Platform modules already initialized, skipping
Refreshing native plugins compatible for Editor in 0.24 ms, found 0 plugins.
Preloading 0 native plugins for Editor in 0.00 ms.
Unloading 1113 Unused Serialized files (Serialized files now loaded: 0)
System memory in use before: 73.2 MB.
System memory in use after: 73.3 MB.

Unloading 5 unused Assets to reduce memory usage. Loaded Objects now: 1653.
Total: 1.739800 ms (FindLiveObjects: 0.143700 ms CreateObjectMapping: 0.034700 ms MarkObjects: 1.493000 ms  DeleteObjects: 0.067000 ms)

========================================================================
Received Prepare
Registering precompiled user dll's ...
Registered in 0.001775 seconds.
Begin MonoManager ReloadAssembly
Native extension for WindowsStandalone target not found
Refreshing native plugins compatible for Editor in 0.22 ms, found 0 plugins.
Preloading 0 native plugins for Editor in 0.00 ms.
Invoked RoslynAnalysisRunner static constructor.
RoslynAnalysisRunner will not be running.
RoslynAnalysisRunner has terminated.
Mono: successfully reloaded assembly
- Completed reload, in  1.091 seconds
Platform modules already initialized, skipping
Refreshing native plugins compatible for Editor in 0.24 ms, found 0 plugins.
Preloading 0 native plugins for Editor in 0.00 ms.
Unloading 1113 Unused Serialized files (Serialized files now loaded: 0)
System memory in use before: 73.2 MB.
System memory in use after: 73.3 MB.

Unloading 5 unused Assets to reduce memory usage. Loaded Objects now: 1656.
Total: 2.108000 ms (FindLiveObjects: 0.187900 ms CreateObjectMapping: 0.081100 ms MarkObjects: 1.744300 ms  DeleteObjects: 0.093200 ms)

========================================================================
Received Prepare
Registering precompiled user dll's ...
Registered in 0.001250 seconds.
Begin MonoManager ReloadAssembly
Native extension for WindowsStandalone target not found
Refreshing native plugins compatible for Editor in 0.22 ms, found 0 plugins.
Preloading 0 native plugins for Editor in 0.00 ms.
Invoked RoslynAnalysisRunner static constructor.
RoslynAnalysisRunner will not be running.
RoslynAnalysisRunner has terminated.
Mono: successfully reloaded assembly
- Completed reload, in  0.991 seconds
Platform modules already initialized, skipping
Refreshing native plugins compatible for Editor in 0.31 ms, found 0 plugins.
Preloading 0 native plugins for Editor in 0.00 ms.
Unloading 1113 Unused Serialized files (Serialized files now loaded: 0)
System memory in use before: 73.2 MB.
System memory in use after: 73.3 MB.

Unloading 5 unused Assets to reduce memory usage. Loaded Objects now: 1659.
Total: 1.822500 ms (FindLiveObjects: 0.144300 ms CreateObjectMapping: 0.034200 ms MarkObjects: 1.573300 ms  DeleteObjects: 0.069200 ms)

========================================================================
Received Prepare
Registering precompiled user dll's ...
Registered in 0.000909 seconds.
Begin MonoManager ReloadAssembly
Native extension for WindowsStandalone target not found
Refreshing native plugins compatible for Editor in 0.30 ms, found 0 plugins.
Preloading 0 native plugins for Editor in 0.00 ms.
Invoked RoslynAnalysisRunner static constructor.
RoslynAnalysisRunner will not be running.
RoslynAnalysisRunner has terminated.
Mono: successfully reloaded assembly
- Completed reload, in  0.936 seconds
Platform modules already initialized, skipping
Refreshing native plugins compatible for Editor in 0.32 ms, found 0 plugins.
Preloading 0 native plugins for Editor in 0.00 ms.
Unloading 1113 Unused Serialized files (Serialized files now loaded: 0)
System memory in use before: 73.3 MB.
System memory in use after: 73.3 MB.

Unloading 5 unused Assets to reduce memory usage. Loaded Objects now: 1662.
Total: 2.419300 ms (FindLiveObjects: 0.245500 ms CreateObjectMapping: 0.078100 ms MarkObjects: 2.015200 ms  DeleteObjects: 0.079000 ms)

========================================================================
Received Prepare
Registering precompiled user dll's ...
Registered in 0.000950 seconds.
Begin MonoManager ReloadAssembly
Native extension for WindowsStandalone target not found
Refreshing native plugins compatible for Editor in 0.32 ms, found 0 plugins.
Preloading 0 native plugins for Editor in 0.00 ms.
Invoked RoslynAnalysisRunner static constructor.
RoslynAnalysisRunner will not be running.
RoslynAnalysisRunner has terminated.
Mono: successfully reloaded assembly
- Completed reload, in  0.983 seconds
Platform modules already initialized, skipping
Refreshing native plugins compatible for Editor in 0.39 ms, found 0 plugins.
Preloading 0 native plugins for Editor in 0.00 ms.
Unloading 1113 Unused Serialized files (Serialized files now loaded: 0)
System memory in use before: 73.3 MB.
System memory in use after: 73.3 MB.

Unloading 5 unused Assets to reduce memory usage. Loaded Objects now: 1665.
Total: 4.313400 ms (FindLiveObjects: 0.613200 ms CreateObjectMapping: 0.141400 ms MarkObjects: 3.476800 ms  DeleteObjects: 0.079800 ms)

========================================================================
Received Prepare
Registering precompiled user dll's ...
Registered in 0.000763 seconds.
Begin MonoManager ReloadAssembly
Native extension for WindowsStandalone target not found
Refreshing native plugins compatible for Editor in 0.31 ms, found 0 plugins.
Preloading 0 native plugins for Editor in 0.00 ms.
Invoked RoslynAnalysisRunner static constructor.
RoslynAnalysisRunner will not be running.
RoslynAnalysisRunner has terminated.
Mono: successfully reloaded assembly
- Completed reload, in  1.213 seconds
Platform modules already initialized, skipping
Refreshing native plugins compatible for Editor in 0.28 ms, found 0 plugins.
Preloading 0 native plugins for Editor in 0.00 ms.
Unloading 1113 Unused Serialized files (Serialized files now loaded: 0)
System memory in use before: 73.3 MB.
System memory in use after: 73.3 MB.

Unloading 5 unused Assets to reduce memory usage. Loaded Objects now: 1668.
Total: 2.474200 ms (FindLiveObjects: 0.237800 ms CreateObjectMapping: 0.056500 ms MarkObjects: 2.102000 ms  DeleteObjects: 0.076300 ms)

========================================================================
Received Prepare
Registering precompiled user dll's ...
Registered in 0.001975 seconds.
Begin MonoManager ReloadAssembly
Native extension for WindowsStandalone target not found
Refreshing native plugins compatible for Editor in 0.31 ms, found 0 plugins.
Preloading 0 native plugins for Editor in 0.00 ms.
Invoked RoslynAnalysisRunner static constructor.
RoslynAnalysisRunner will not be running.
RoslynAnalysisRunner has terminated.
Mono: successfully reloaded assembly
- Completed reload, in  1.040 seconds
Platform modules already initialized, skipping
Refreshing native plugins compatible for Editor in 0.24 ms, found 0 plugins.
Preloading 0 native plugins for Editor in 0.00 ms.
Unloading 1113 Unused Serialized files (Serialized files now loaded: 0)
System memory in use before: 73.3 MB.
System memory in use after: 73.3 MB.

Unloading 5 unused Assets to reduce memory usage. Loaded Objects now: 1671.
Total: 2.640400 ms (FindLiveObjects: 0.360800 ms CreateObjectMapping: 0.202500 ms MarkObjects: 2.007800 ms  DeleteObjects: 0.067700 ms)

========================================================================
Received Prepare
Registering precompiled user dll's ...
Registered in 0.000833 seconds.
Begin MonoManager ReloadAssembly
Native extension for WindowsStandalone target not found
Refreshing native plugins compatible for Editor in 0.22 ms, found 0 plugins.
Preloading 0 native plugins for Editor in 0.00 ms.
Invoked RoslynAnalysisRunner static constructor.
RoslynAnalysisRunner will not be running.
RoslynAnalysisRunner has terminated.
Mono: successfully reloaded assembly
- Completed reload, in  0.989 seconds
Platform modules already initialized, skipping
Refreshing native plugins compatible for Editor in 0.38 ms, found 0 plugins.
Preloading 0 native plugins for Editor in 0.00 ms.
Unloading 1113 Unused Serialized files (Serialized files now loaded: 0)
System memory in use before: 73.3 MB.
System memory in use after: 73.3 MB.

Unloading 5 unused Assets to reduce memory usage. Loaded Objects now: 1674.
Total: 2.505600 ms (FindLiveObjects: 0.192700 ms CreateObjectMapping: 0.091900 ms MarkObjects: 2.107000 ms  DeleteObjects: 0.095400 ms)

========================================================================
Received Prepare
Registering precompiled user dll's ...
Registered in 0.000906 seconds.
Begin MonoManager ReloadAssembly
Native extension for WindowsStandalone target not found
Refreshing native plugins compatible for Editor in 0.22 ms, found 0 plugins.
Preloading 0 native plugins for Editor in 0.00 ms.
Invoked RoslynAnalysisRunner static constructor.
RoslynAnalysisRunner will not be running.
RoslynAnalysisRunner has terminated.
Mono: successfully reloaded assembly
- Completed reload, in  1.089 seconds
Platform modules already initialized, skipping
Refreshing native plugins compatible for Editor in 0.25 ms, found 0 plugins.
Preloading 0 native plugins for Editor in 0.00 ms.
Unloading 1113 Unused Serialized files (Serialized files now loaded: 0)
System memory in use before: 73.3 MB.
System memory in use after: 73.3 MB.

Unloading 5 unused Assets to reduce memory usage. Loaded Objects now: 1677.
Total: 2.275200 ms (FindLiveObjects: 0.213900 ms CreateObjectMapping: 0.080100 ms MarkObjects: 1.907100 ms  DeleteObjects: 0.072300 ms)

========================================================================
Received Prepare
Registering precompiled user dll's ...
Registered in 0.001441 seconds.
Begin MonoManager ReloadAssembly
Native extension for WindowsStandalone target not found
Refreshing native plugins compatible for Editor in 0.23 ms, found 0 plugins.
Preloading 0 native plugins for Editor in 0.00 ms.
Invoked RoslynAnalysisRunner static constructor.
RoslynAnalysisRunner will not be running.
RoslynAnalysisRunner has terminated.
Mono: successfully reloaded assembly
- Completed reload, in  1.057 seconds
Platform modules already initialized, skipping
Refreshing native plugins compatible for Editor in 0.24 ms, found 0 plugins.
Preloading 0 native plugins for Editor in 0.00 ms.
Unloading 1113 Unused Serialized files (Serialized files now loaded: 0)
System memory in use before: 73.3 MB.
System memory in use after: 73.4 MB.

Unloading 5 unused Assets to reduce memory usage. Loaded Objects now: 1680.
Total: 4.561500 ms (FindLiveObjects: 2.290500 ms CreateObjectMapping: 0.172500 ms MarkObjects: 2.019000 ms  DeleteObjects: 0.077300 ms)

========================================================================
Received Prepare
Registering precompiled user dll's ...
Registered in 0.000857 seconds.
Begin MonoManager ReloadAssembly
Native extension for WindowsStandalone target not found
Refreshing native plugins compatible for Editor in 0.30 ms, found 0 plugins.
Preloading 0 native plugins for Editor in 0.00 ms.
Invoked RoslynAnalysisRunner static constructor.
RoslynAnalysisRunner will not be running.
RoslynAnalysisRunner has terminated.
Mono: successfully reloaded assembly
- Completed reload, in  1.127 seconds
Platform modules already initialized, skipping
Refreshing native plugins compatible for Editor in 0.35 ms, found 0 plugins.
Preloading 0 native plugins for Editor in 0.00 ms.
Unloading 1113 Unused Serialized files (Serialized files now loaded: 0)
System memory in use before: 73.3 MB.
System memory in use after: 73.4 MB.

Unloading 5 unused Assets to reduce memory usage. Loaded Objects now: 1683.
Total: 1.923500 ms (FindLiveObjects: 0.182900 ms CreateObjectMapping: 0.072700 ms MarkObjects: 1.599200 ms  DeleteObjects: 0.067300 ms)

========================================================================
Received Prepare
Registering precompiled user dll's ...
Registered in 0.000847 seconds.
Begin MonoManager ReloadAssembly
Native extension for WindowsStandalone target not found
Refreshing native plugins compatible for Editor in 0.22 ms, found 0 plugins.
Preloading 0 native plugins for Editor in 0.00 ms.
Invoked RoslynAnalysisRunner static constructor.
RoslynAnalysisRunner will not be running.
RoslynAnalysisRunner has terminated.
Mono: successfully reloaded assembly
- Completed reload, in  1.006 seconds
Platform modules already initialized, skipping
Refreshing native plugins compatible for Editor in 0.27 ms, found 0 plugins.
Preloading 0 native plugins for Editor in 0.00 ms.
Unloading 1113 Unused Serialized files (Serialized files now loaded: 0)
System memory in use before: 73.3 MB.
System memory in use after: 73.4 MB.

Unloading 5 unused Assets to reduce memory usage. Loaded Objects now: 1686.
Total: 1.794500 ms (FindLiveObjects: 0.170100 ms CreateObjectMapping: 0.074600 ms MarkObjects: 1.455400 ms  DeleteObjects: 0.093100 ms)

========================================================================
Received Prepare
Registering precompiled user dll's ...
Registered in 0.000844 seconds.
Begin MonoManager ReloadAssembly
Native extension for WindowsStandalone target not found
Refreshing native plugins compatible for Editor in 0.21 ms, found 0 plugins.
Preloading 0 native plugins for Editor in 0.00 ms.
Invoked RoslynAnalysisRunner static constructor.
RoslynAnalysisRunner will not be running.
RoslynAnalysisRunner has terminated.
Mono: successfully reloaded assembly
- Completed reload, in  1.058 seconds
Platform modules already initialized, skipping
Refreshing native plugins compatible for Editor in 0.21 ms, found 0 plugins.
Preloading 0 native plugins for Editor in 0.00 ms.
Unloading 1113 Unused Serialized files (Serialized files now loaded: 0)
System memory in use before: 73.3 MB.
System memory in use after: 73.4 MB.

Unloading 5 unused Assets to reduce memory usage. Loaded Objects now: 1689.
Total: 2.326300 ms (FindLiveObjects: 0.287300 ms CreateObjectMapping: 0.109900 ms MarkObjects: 1.848100 ms  DeleteObjects: 0.079200 ms)

========================================================================
Received Prepare
Registering precompiled user dll's ...
Registered in 0.000943 seconds.
Begin MonoManager ReloadAssembly
Native extension for WindowsStandalone target not found
Refreshing native plugins compatible for Editor in 0.37 ms, found 0 plugins.
Preloading 0 native plugins for Editor in 0.00 ms.
Invoked RoslynAnalysisRunner static constructor.
RoslynAnalysisRunner will not be running.
RoslynAnalysisRunner has terminated.
Mono: successfully reloaded assembly
- Completed reload, in  1.120 seconds
Platform modules already initialized, skipping
Refreshing native plugins compatible for Editor in 0.40 ms, found 0 plugins.
Preloading 0 native plugins for Editor in 0.00 ms.
Unloading 1113 Unused Serialized files (Serialized files now loaded: 0)
System memory in use before: 73.4 MB.
System memory in use after: 73.4 MB.

Unloading 5 unused Assets to reduce memory usage. Loaded Objects now: 1692.
Total: 2.931600 ms (FindLiveObjects: 0.311600 ms CreateObjectMapping: 0.064600 ms MarkObjects: 2.413400 ms  DeleteObjects: 0.139600 ms)

========================================================================
Received Prepare
Registering precompiled user dll's ...
Registered in 0.001303 seconds.
Begin MonoManager ReloadAssembly
Native extension for WindowsStandalone target not found
Refreshing native plugins compatible for Editor in 0.42 ms, found 0 plugins.
Preloading 0 native plugins for Editor in 0.00 ms.
Invoked RoslynAnalysisRunner static constructor.
RoslynAnalysisRunner will not be running.
RoslynAnalysisRunner has terminated.
Mono: successfully reloaded assembly
- Completed reload, in  1.009 seconds
Platform modules already initialized, skipping
Refreshing native plugins compatible for Editor in 0.25 ms, found 0 plugins.
Preloading 0 native plugins for Editor in 0.00 ms.
Unloading 1113 Unused Serialized files (Serialized files now loaded: 0)
System memory in use before: 73.4 MB.
System memory in use after: 73.4 MB.

Unloading 5 unused Assets to reduce memory usage. Loaded Objects now: 1695.
Total: 3.475100 ms (FindLiveObjects: 0.471200 ms CreateObjectMapping: 0.212400 ms MarkObjects: 2.664100 ms  DeleteObjects: 0.117000 ms)

========================================================================
Received Prepare
Registering precompiled user dll's ...
Registered in 0.000873 seconds.
Begin MonoManager ReloadAssembly
Native extension for WindowsStandalone target not found
Refreshing native plugins compatible for Editor in 0.44 ms, found 0 plugins.
Preloading 0 native plugins for Editor in 0.00 ms.
Invoked RoslynAnalysisRunner static constructor.
RoslynAnalysisRunner will not be running.
RoslynAnalysisRunner has terminated.
Mono: successfully reloaded assembly
- Completed reload, in  1.425 seconds
Platform modules already initialized, skipping
Refreshing native plugins compatible for Editor in 0.31 ms, found 0 plugins.
Preloading 0 native plugins for Editor in 0.00 ms.
Unloading 1113 Unused Serialized files (Serialized files now loaded: 0)
System memory in use before: 73.4 MB.
System memory in use after: 73.4 MB.

Unloading 5 unused Assets to reduce memory usage. Loaded Objects now: 1698.
Total: 2.377000 ms (FindLiveObjects: 0.312200 ms CreateObjectMapping: 0.126300 ms MarkObjects: 1.867500 ms  DeleteObjects: 0.069300 ms)

========================================================================
Received Prepare
Registering precompiled user dll's ...
Registered in 0.001134 seconds.
Begin MonoManager ReloadAssembly
Native extension for WindowsStandalone target not found
Refreshing native plugins compatible for Editor in 0.38 ms, found 0 plugins.
Preloading 0 native plugins for Editor in 0.00 ms.
Invoked RoslynAnalysisRunner static constructor.
RoslynAnalysisRunner will not be running.
RoslynAnalysisRunner has terminated.
Mono: successfully reloaded assembly
- Completed reload, in  1.262 seconds
Platform modules already initialized, skipping
Refreshing native plugins compatible for Editor in 0.24 ms, found 0 plugins.
Preloading 0 native plugins for Editor in 0.00 ms.
Unloading 1113 Unused Serialized files (Serialized files now loaded: 0)
System memory in use before: 73.4 MB.
System memory in use after: 73.4 MB.

Unloading 5 unused Assets to reduce memory usage. Loaded Objects now: 1701.
Total: 2.599400 ms (FindLiveObjects: 0.300000 ms CreateObjectMapping: 0.118300 ms MarkObjects: 2.081900 ms  DeleteObjects: 0.097300 ms)

========================================================================
Received Prepare
Registering precompiled user dll's ...
Registered in 0.000794 seconds.
Begin MonoManager ReloadAssembly
Native extension for WindowsStandalone target not found
Refreshing native plugins compatible for Editor in 0.27 ms, found 0 plugins.
Preloading 0 native plugins for Editor in 0.00 ms.
Invoked RoslynAnalysisRunner static constructor.
RoslynAnalysisRunner will not be running.
RoslynAnalysisRunner has terminated.
Mono: successfully reloaded assembly
- Completed reload, in  1.106 seconds
Platform modules already initialized, skipping
Refreshing native plugins compatible for Editor in 0.50 ms, found 0 plugins.
Preloading 0 native plugins for Editor in 0.00 ms.
Unloading 1113 Unused Serialized files (Serialized files now loaded: 0)
System memory in use before: 73.4 MB.
System memory in use after: 73.4 MB.

Unloading 5 unused Assets to reduce memory usage. Loaded Objects now: 1704.
Total: 4.234500 ms (FindLiveObjects: 0.605600 ms CreateObjectMapping: 0.211200 ms MarkObjects: 3.316400 ms  DeleteObjects: 0.098700 ms)

========================================================================
Received Prepare
Registering precompiled user dll's ...
Registered in 0.000870 seconds.
Begin MonoManager ReloadAssembly
Native extension for WindowsStandalone target not found
Refreshing native plugins compatible for Editor in 0.23 ms, found 0 plugins.
Preloading 0 native plugins for Editor in 0.00 ms.
Invoked RoslynAnalysisRunner static constructor.
RoslynAnalysisRunner will not be running.
RoslynAnalysisRunner has terminated.
Mono: successfully reloaded assembly
- Completed reload, in  1.347 seconds
Platform modules already initialized, skipping
Refreshing native plugins compatible for Editor in 0.31 ms, found 0 plugins.
Preloading 0 native plugins for Editor in 0.00 ms.
Unloading 1113 Unused Serialized files (Serialized files now loaded: 0)
System memory in use before: 73.4 MB.
System memory in use after: 73.4 MB.

Unloading 5 unused Assets to reduce memory usage. Loaded Objects now: 1707.
Total: 3.476900 ms (FindLiveObjects: 0.388700 ms CreateObjectMapping: 0.151200 ms MarkObjects: 2.828900 ms  DeleteObjects: 0.106300 ms)

========================================================================
Received Prepare
Registering precompiled user dll's ...
Registered in 0.001071 seconds.
Begin MonoManager ReloadAssembly
Native extension for WindowsStandalone target not found
Refreshing native plugins compatible for Editor in 0.33 ms, found 0 plugins.
Preloading 0 native plugins for Editor in 0.00 ms.
Invoked RoslynAnalysisRunner static constructor.
RoslynAnalysisRunner will not be running.
RoslynAnalysisRunner has terminated.
Mono: successfully reloaded assembly
- Completed reload, in  1.086 seconds
Platform modules already initialized, skipping
Refreshing native plugins compatible for Editor in 0.24 ms, found 0 plugins.
Preloading 0 native plugins for Editor in 0.00 ms.
Unloading 1113 Unused Serialized files (Serialized files now loaded: 0)
System memory in use before: 73.4 MB.
System memory in use after: 73.5 MB.

Unloading 5 unused Assets to reduce memory usage. Loaded Objects now: 1710.
Total: 2.936100 ms (FindLiveObjects: 0.150200 ms CreateObjectMapping: 0.035500 ms MarkObjects: 2.625400 ms  DeleteObjects: 0.122600 ms)

========================================================================
Received Prepare
Registering precompiled user dll's ...
Registered in 0.000767 seconds.
Begin MonoManager ReloadAssembly
Native extension for WindowsStandalone target not found
Refreshing native plugins compatible for Editor in 0.32 ms, found 0 plugins.
Preloading 0 native plugins for Editor in 0.00 ms.
Invoked RoslynAnalysisRunner static constructor.
RoslynAnalysisRunner will not be running.
RoslynAnalysisRunner has terminated.
Mono: successfully reloaded assembly
- Completed reload, in  1.097 seconds
Platform modules already initialized, skipping
Refreshing native plugins compatible for Editor in 0.21 ms, found 0 plugins.
Preloading 0 native plugins for Editor in 0.00 ms.
Unloading 1113 Unused Serialized files (Serialized files now loaded: 0)
System memory in use before: 73.4 MB.
System memory in use after: 73.5 MB.

Unloading 5 unused Assets to reduce memory usage. Loaded Objects now: 1713.
Total: 2.196100 ms (FindLiveObjects: 0.184400 ms CreateObjectMapping: 0.070700 ms MarkObjects: 1.863900 ms  DeleteObjects: 0.076100 ms)

========================================================================
Received Prepare
Registering precompiled user dll's ...
Registered in 0.001257 seconds.
Begin MonoManager ReloadAssembly
Native extension for WindowsStandalone target not found
Refreshing native plugins compatible for Editor in 0.22 ms, found 0 plugins.
Preloading 0 native plugins for Editor in 0.00 ms.
Invoked RoslynAnalysisRunner static constructor.
RoslynAnalysisRunner will not be running.
RoslynAnalysisRunner has terminated.
Mono: successfully reloaded assembly
- Completed reload, in  0.943 seconds
Platform modules already initialized, skipping
Refreshing native plugins compatible for Editor in 0.37 ms, found 0 plugins.
Preloading 0 native plugins for Editor in 0.00 ms.
Unloading 1113 Unused Serialized files (Serialized files now loaded: 0)
System memory in use before: 73.4 MB.
System memory in use after: 73.5 MB.

Unloading 5 unused Assets to reduce memory usage. Loaded Objects now: 1716.
Total: 6.964400 ms (FindLiveObjects: 0.602200 ms CreateObjectMapping: 0.141600 ms MarkObjects: 5.543300 ms  DeleteObjects: 0.674800 ms)

========================================================================
Received Prepare
Registering precompiled user dll's ...
Registered in 0.001165 seconds.
Begin MonoManager ReloadAssembly
Native extension for WindowsStandalone target not found
Refreshing native plugins compatible for Editor in 0.21 ms, found 0 plugins.
Preloading 0 native plugins for Editor in 0.00 ms.
Invoked RoslynAnalysisRunner static constructor.
RoslynAnalysisRunner will not be running.
RoslynAnalysisRunner has terminated.
Mono: successfully reloaded assembly
- Completed reload, in  0.932 seconds
Platform modules already initialized, skipping
Refreshing native plugins compatible for Editor in 0.29 ms, found 0 plugins.
Preloading 0 native plugins for Editor in 0.00 ms.
Unloading 1113 Unused Serialized files (Serialized files now loaded: 0)
System memory in use before: 73.4 MB.
System memory in use after: 73.5 MB.

Unloading 5 unused Assets to reduce memory usage. Loaded Objects now: 1719.
Total: 2.113100 ms (FindLiveObjects: 0.157800 ms CreateObjectMapping: 0.060300 ms MarkObjects: 1.830100 ms  DeleteObjects: 0.063700 ms)

========================================================================
Received Prepare
Registering precompiled user dll's ...
Registered in 0.001213 seconds.
Begin MonoManager ReloadAssembly
Native extension for WindowsStandalone target not found
Refreshing native plugins compatible for Editor in 0.36 ms, found 0 plugins.
Preloading 0 native plugins for Editor in 0.00 ms.
Invoked RoslynAnalysisRunner static constructor.
RoslynAnalysisRunner will not be running.
RoslynAnalysisRunner has terminated.
Mono: successfully reloaded assembly
- Completed reload, in  1.183 seconds
Platform modules already initialized, skipping
Refreshing native plugins compatible for Editor in 0.22 ms, found 0 plugins.
Preloading 0 native plugins for Editor in 0.00 ms.
Unloading 1113 Unused Serialized files (Serialized files now loaded: 0)
System memory in use before: 73.4 MB.
System memory in use after: 73.5 MB.

Unloading 5 unused Assets to reduce memory usage. Loaded Objects now: 1722.
Total: 2.370400 ms (FindLiveObjects: 0.322800 ms CreateObjectMapping: 0.137200 ms MarkObjects: 1.837700 ms  DeleteObjects: 0.070500 ms)

========================================================================
Received Prepare
Registering precompiled user dll's ...
Registered in 0.000808 seconds.
Begin MonoManager ReloadAssembly
Native extension for WindowsStandalone target not found
Refreshing native plugins compatible for Editor in 0.30 ms, found 0 plugins.
Preloading 0 native plugins for Editor in 0.00 ms.
Invoked RoslynAnalysisRunner static constructor.
RoslynAnalysisRunner will not be running.
RoslynAnalysisRunner has terminated.
Mono: successfully reloaded assembly
- Completed reload, in  1.056 seconds
Platform modules already initialized, skipping
Refreshing native plugins compatible for Editor in 0.26 ms, found 0 plugins.
Preloading 0 native plugins for Editor in 0.00 ms.
Unloading 1113 Unused Serialized files (Serialized files now loaded: 0)
System memory in use before: 73.4 MB.
System memory in use after: 73.5 MB.

Unloading 5 unused Assets to reduce memory usage. Loaded Objects now: 1725.
Total: 3.483800 ms (FindLiveObjects: 0.440400 ms CreateObjectMapping: 0.154600 ms MarkObjects: 2.772700 ms  DeleteObjects: 0.113200 ms)

========================================================================
Received Prepare
Registering precompiled user dll's ...
Registered in 0.001334 seconds.
Begin MonoManager ReloadAssembly
Native extension for WindowsStandalone target not found
Refreshing native plugins compatible for Editor in 0.36 ms, found 0 plugins.
Preloading 0 native plugins for Editor in 0.00 ms.
Invoked RoslynAnalysisRunner static constructor.
RoslynAnalysisRunner will not be running.
RoslynAnalysisRunner has terminated.
Mono: successfully reloaded assembly
- Completed reload, in  1.013 seconds
Platform modules already initialized, skipping
Refreshing native plugins compatible for Editor in 0.29 ms, found 0 plugins.
Preloading 0 native plugins for Editor in 0.00 ms.
Unloading 1113 Unused Serialized files (Serialized files now loaded: 0)
System memory in use before: 73.4 MB.
System memory in use after: 73.5 MB.

Unloading 5 unused Assets to reduce memory usage. Loaded Objects now: 1728.
Total: 1.992700 ms (FindLiveObjects: 0.195200 ms CreateObjectMapping: 0.073800 ms MarkObjects: 1.652500 ms  DeleteObjects: 0.069400 ms)

========================================================================
Received Prepare
Registering precompiled user dll's ...
Registered in 0.000917 seconds.
Begin MonoManager ReloadAssembly
Native extension for WindowsStandalone target not found
Refreshing native plugins compatible for Editor in 0.29 ms, found 0 plugins.
Preloading 0 native plugins for Editor in 0.00 ms.
Invoked RoslynAnalysisRunner static constructor.
RoslynAnalysisRunner will not be running.
RoslynAnalysisRunner has terminated.
Mono: successfully reloaded assembly
- Completed reload, in  0.914 seconds
Platform modules already initialized, skipping
Refreshing native plugins compatible for Editor in 0.21 ms, found 0 plugins.
Preloading 0 native plugins for Editor in 0.00 ms.
Unloading 1113 Unused Serialized files (Serialized files now loaded: 0)
System memory in use before: 73.4 MB.
System memory in use after: 73.5 MB.

Unloading 5 unused Assets to reduce memory usage. Loaded Objects now: 1731.
Total: 3.100500 ms (FindLiveObjects: 0.561900 ms CreateObjectMapping: 0.138500 ms MarkObjects: 2.310900 ms  DeleteObjects: 0.087700 ms)

========================================================================
Received Prepare
Registering precompiled user dll's ...
Registered in 0.000816 seconds.
Begin MonoManager ReloadAssembly
Native extension for WindowsStandalone target not found
Refreshing native plugins compatible for Editor in 0.22 ms, found 0 plugins.
Preloading 0 native plugins for Editor in 0.00 ms.
Invoked RoslynAnalysisRunner static constructor.
RoslynAnalysisRunner will not be running.
RoslynAnalysisRunner has terminated.
Mono: successfully reloaded assembly
- Completed reload, in  0.997 seconds
Platform modules already initialized, skipping
Refreshing native plugins compatible for Editor in 0.22 ms, found 0 plugins.
Preloading 0 native plugins for Editor in 0.00 ms.
Unloading 1113 Unused Serialized files (Serialized files now loaded: 0)
System memory in use before: 73.4 MB.
System memory in use after: 73.5 MB.

Unloading 5 unused Assets to reduce memory usage. Loaded Objects now: 1734.
Total: 3.167900 ms (FindLiveObjects: 0.196200 ms CreateObjectMapping: 0.078300 ms MarkObjects: 2.790400 ms  DeleteObjects: 0.101200 ms)

========================================================================
Received Prepare
Registering precompiled user dll's ...
Registered in 0.000852 seconds.
Begin MonoManager ReloadAssembly
Native extension for WindowsStandalone target not found
Refreshing native plugins compatible for Editor in 0.27 ms, found 0 plugins.
Preloading 0 native plugins for Editor in 0.00 ms.
Invoked RoslynAnalysisRunner static constructor.
RoslynAnalysisRunner will not be running.
RoslynAnalysisRunner has terminated.
Mono: successfully reloaded assembly
- Completed reload, in  1.040 seconds
Platform modules already initialized, skipping
Refreshing native plugins compatible for Editor in 0.35 ms, found 0 plugins.
Preloading 0 native plugins for Editor in 0.00 ms.
Unloading 1113 Unused Serialized files (Serialized files now loaded: 0)
System memory in use before: 73.4 MB.
System memory in use after: 73.5 MB.

Unloading 5 unused Assets to reduce memory usage. Loaded Objects now: 1737.
Total: 3.487600 ms (FindLiveObjects: 0.447800 ms CreateObjectMapping: 0.139300 ms MarkObjects: 2.787900 ms  DeleteObjects: 0.110600 ms)

========================================================================
Received Prepare
Registering precompiled user dll's ...
Registered in 0.001303 seconds.
Begin MonoManager ReloadAssembly
Native extension for WindowsStandalone target not found
Refreshing native plugins compatible for Editor in 0.22 ms, found 0 plugins.
Preloading 0 native plugins for Editor in 0.00 ms.
Invoked RoslynAnalysisRunner static constructor.
RoslynAnalysisRunner will not be running.
RoslynAnalysisRunner has terminated.
Mono: successfully reloaded assembly
- Completed reload, in  1.011 seconds
Platform modules already initialized, skipping
Refreshing native plugins compatible for Editor in 0.38 ms, found 0 plugins.
Preloading 0 native plugins for Editor in 0.00 ms.
Unloading 1113 Unused Serialized files (Serialized files now loaded: 0)
System memory in use before: 73.4 MB.
System memory in use after: 73.5 MB.

Unloading 5 unused Assets to reduce memory usage. Loaded Objects now: 1740.
Total: 1.746900 ms (FindLiveObjects: 0.157000 ms CreateObjectMapping: 0.066700 ms MarkObjects: 1.428600 ms  DeleteObjects: 0.093600 ms)

========================================================================
Received Import Request.
  Time since last request: 8307.336236 seconds.
  path: Assets/Script/PlayerController.cs
  artifactKey: Guid(d297a83028279c246b3431097e2c0088) Importer(815301076,1909f56bfc062723c751e8b465ee728b)
Start importing Assets/Script/PlayerController.cs using Guid(d297a83028279c246b3431097e2c0088) Importer(815301076,1909f56bfc062723c751e8b465ee728b)  -> (artifact id: 'dfa9f5de9ce3a576c745630403b46d99') in 0.007574 seconds
  Import took 0.011475 seconds .

========================================================================
Received Prepare
Registering precompiled user dll's ...
Registered in 0.000728 seconds.
Begin MonoManager ReloadAssembly
Native extension for WindowsStandalone target not found
Refreshing native plugins compatible for Editor in 0.21 ms, found 0 plugins.
Preloading 0 native plugins for Editor in 0.00 ms.
Invoked RoslynAnalysisRunner static constructor.
RoslynAnalysisRunner will not be running.
RoslynAnalysisRunner has terminated.
Mono: successfully reloaded assembly
- Completed reload, in  0.967 seconds
Platform modules already initialized, skipping
Refreshing native plugins compatible for Editor in 0.24 ms, found 0 plugins.
Preloading 0 native plugins for Editor in 0.00 ms.
Unloading 1113 Unused Serialized files (Serialized files now loaded: 0)
System memory in use before: 73.4 MB.
System memory in use after: 73.5 MB.

Unloading 5 unused Assets to reduce memory usage. Loaded Objects now: 1743.
Total: 2.452800 ms (FindLiveObjects: 0.371800 ms CreateObjectMapping: 0.104000 ms MarkObjects: 1.906200 ms  DeleteObjects: 0.069000 ms)

========================================================================
Received Prepare
Registering precompiled user dll's ...
Registered in 0.000979 seconds.
Begin MonoManager ReloadAssembly
Native extension for WindowsStandalone target not found
Refreshing native plugins compatible for Editor in 0.22 ms, found 0 plugins.
Preloading 0 native plugins for Editor in 0.00 ms.
Invoked RoslynAnalysisRunner static constructor.
RoslynAnalysisRunner will not be running.
RoslynAnalysisRunner has terminated.
Mono: successfully reloaded assembly
- Completed reload, in  0.958 seconds
Platform modules already initialized, skipping
Refreshing native plugins compatible for Editor in 0.78 ms, found 0 plugins.
Preloading 0 native plugins for Editor in 0.00 ms.
Unloading 1113 Unused Serialized files (Serialized files now loaded: 0)
System memory in use before: 73.4 MB.
System memory in use after: 73.5 MB.

Unloading 5 unused Assets to reduce memory usage. Loaded Objects now: 1746.
Total: 1.959700 ms (FindLiveObjects: 0.197400 ms CreateObjectMapping: 0.076500 ms MarkObjects: 1.586300 ms  DeleteObjects: 0.097900 ms)

========================================================================
Received Prepare
Registering precompiled user dll's ...
Registered in 0.000751 seconds.
Begin MonoManager ReloadAssembly
Native extension for WindowsStandalone target not found
Refreshing native plugins compatible for Editor in 0.35 ms, found 0 plugins.
Preloading 0 native plugins for Editor in 0.00 ms.
Invoked RoslynAnalysisRunner static constructor.
RoslynAnalysisRunner will not be running.
RoslynAnalysisRunner has terminated.
Mono: successfully reloaded assembly
- Completed reload, in  1.049 seconds
Platform modules already initialized, skipping
Refreshing native plugins compatible for Editor in 0.35 ms, found 0 plugins.
Preloading 0 native plugins for Editor in 0.00 ms.
Unloading 1113 Unused Serialized files (Serialized files now loaded: 0)
System memory in use before: 73.4 MB.
System memory in use after: 73.5 MB.

Unloading 5 unused Assets to reduce memory usage. Loaded Objects now: 1749.
Total: 2.658600 ms (FindLiveObjects: 0.458000 ms CreateObjectMapping: 0.061400 ms MarkObjects: 2.051400 ms  DeleteObjects: 0.085600 ms)

========================================================================
Received Prepare
Registering precompiled user dll's ...
Registered in 0.000995 seconds.
Begin MonoManager ReloadAssembly
Native extension for WindowsStandalone target not found
Refreshing native plugins compatible for Editor in 0.29 ms, found 0 plugins.
Preloading 0 native plugins for Editor in 0.00 ms.
Invoked RoslynAnalysisRunner static constructor.
RoslynAnalysisRunner will not be running.
RoslynAnalysisRunner has terminated.
Mono: successfully reloaded assembly
- Completed reload, in  1.311 seconds
Platform modules already initialized, skipping
Refreshing native plugins compatible for Editor in 0.21 ms, found 0 plugins.
Preloading 0 native plugins for Editor in 0.00 ms.
Unloading 1113 Unused Serialized files (Serialized files now loaded: 0)
System memory in use before: 73.4 MB.
System memory in use after: 73.5 MB.

Unloading 5 unused Assets to reduce memory usage. Loaded Objects now: 1752.
Total: 2.750100 ms (FindLiveObjects: 0.169500 ms CreateObjectMapping: 0.041300 ms MarkObjects: 2.427400 ms  DeleteObjects: 0.109900 ms)

========================================================================
Received Prepare
Registering precompiled user dll's ...
Registered in 0.001091 seconds.
Begin MonoManager ReloadAssembly
Native extension for WindowsStandalone target not found
Refreshing native plugins compatible for Editor in 0.35 ms, found 0 plugins.
Preloading 0 native plugins for Editor in 0.00 ms.
Invoked RoslynAnalysisRunner static constructor.
RoslynAnalysisRunner will not be running.
RoslynAnalysisRunner has terminated.
Mono: successfully reloaded assembly
- Completed reload, in  1.205 seconds
Platform modules already initialized, skipping
Refreshing native plugins compatible for Editor in 0.31 ms, found 0 plugins.
Preloading 0 native plugins for Editor in 0.00 ms.
Unloading 1113 Unused Serialized files (Serialized files now loaded: 0)
System memory in use before: 73.4 MB.
System memory in use after: 73.5 MB.

Unloading 5 unused Assets to reduce memory usage. Loaded Objects now: 1755.
Total: 2.998100 ms (FindLiveObjects: 0.209700 ms CreateObjectMapping: 0.083900 ms MarkObjects: 2.543800 ms  DeleteObjects: 0.158300 ms)

========================================================================
Received Prepare
Registering precompiled user dll's ...
Registered in 0.000996 seconds.
Begin MonoManager ReloadAssembly
Native extension for WindowsStandalone target not found
Refreshing native plugins compatible for Editor in 0.24 ms, found 0 plugins.
Preloading 0 native plugins for Editor in 0.00 ms.
Invoked RoslynAnalysisRunner static constructor.
RoslynAnalysisRunner will not be running.
RoslynAnalysisRunner has terminated.
Mono: successfully reloaded assembly
- Completed reload, in  0.989 seconds
Platform modules already initialized, skipping
Refreshing native plugins compatible for Editor in 0.23 ms, found 0 plugins.
Preloading 0 native plugins for Editor in 0.00 ms.
Unloading 1113 Unused Serialized files (Serialized files now loaded: 0)
System memory in use before: 73.5 MB.
System memory in use after: 73.5 MB.

Unloading 5 unused Assets to reduce memory usage. Loaded Objects now: 1758.
Total: 2.465800 ms (FindLiveObjects: 0.190100 ms CreateObjectMapping: 0.074300 ms MarkObjects: 2.102500 ms  DeleteObjects: 0.096900 ms)

========================================================================
Received Prepare
Registering precompiled user dll's ...
Registered in 0.001247 seconds.
Begin MonoManager ReloadAssembly
Native extension for WindowsStandalone target not found
Refreshing native plugins compatible for Editor in 0.22 ms, found 0 plugins.
Preloading 0 native plugins for Editor in 0.00 ms.
Invoked RoslynAnalysisRunner static constructor.
RoslynAnalysisRunner will not be running.
RoslynAnalysisRunner has terminated.
Mono: successfully reloaded assembly
- Completed reload, in  1.186 seconds
Platform modules already initialized, skipping
Refreshing native plugins compatible for Editor in 0.22 ms, found 0 plugins.
Preloading 0 native plugins for Editor in 0.00 ms.
Unloading 1113 Unused Serialized files (Serialized files now loaded: 0)
System memory in use before: 73.5 MB.
System memory in use after: 73.5 MB.

Unloading 5 unused Assets to reduce memory usage. Loaded Objects now: 1761.
Total: 3.767400 ms (FindLiveObjects: 0.174800 ms CreateObjectMapping: 0.071000 ms MarkObjects: 3.417000 ms  DeleteObjects: 0.103000 ms)

========================================================================
Received Prepare
Registering precompiled user dll's ...
Registered in 0.001492 seconds.
Begin MonoManager ReloadAssembly
Native extension for WindowsStandalone target not found
Refreshing native plugins compatible for Editor in 0.27 ms, found 0 plugins.
Preloading 0 native plugins for Editor in 0.00 ms.
Invoked RoslynAnalysisRunner static constructor.
RoslynAnalysisRunner will not be running.
RoslynAnalysisRunner has terminated.
Mono: successfully reloaded assembly
- Completed reload, in  0.963 seconds
Platform modules already initialized, skipping
Refreshing native plugins compatible for Editor in 0.20 ms, found 0 plugins.
Preloading 0 native plugins for Editor in 0.00 ms.
Unloading 1113 Unused Serialized files (Serialized files now loaded: 0)
System memory in use before: 73.5 MB.
System memory in use after: 73.5 MB.

Unloading 5 unused Assets to reduce memory usage. Loaded Objects now: 1764.
Total: 1.651800 ms (FindLiveObjects: 0.149400 ms CreateObjectMapping: 0.035000 ms MarkObjects: 1.401000 ms  DeleteObjects: 0.064400 ms)

========================================================================
Received Prepare
Registering precompiled user dll's ...
Registered in 0.001463 seconds.
Begin MonoManager ReloadAssembly
Native extension for WindowsStandalone target not found
Refreshing native plugins compatible for Editor in 0.22 ms, found 0 plugins.
Preloading 0 native plugins for Editor in 0.00 ms.
Invoked RoslynAnalysisRunner static constructor.
RoslynAnalysisRunner will not be running.
RoslynAnalysisRunner has terminated.
Mono: successfully reloaded assembly
- Completed reload, in  1.016 seconds
Platform modules already initialized, skipping
Refreshing native plugins compatible for Editor in 0.21 ms, found 0 plugins.
Preloading 0 native plugins for Editor in 0.00 ms.
Unloading 1113 Unused Serialized files (Serialized files now loaded: 0)
System memory in use before: 73.5 MB.
System memory in use after: 73.5 MB.

Unloading 5 unused Assets to reduce memory usage. Loaded Objects now: 1767.
Total: 2.584500 ms (FindLiveObjects: 0.222800 ms CreateObjectMapping: 0.091200 ms MarkObjects: 2.184600 ms  DeleteObjects: 0.084600 ms)

AssetImportWorkerClient::OnTransportError - code=2 error=End of file
